Performing Test VCL_STATIC_CONST_INIT_NO_DEFN failed with the following output:
Change Dir: /Users/Sean/Desktop/cs_project/vxl-tsai-codeblocks-bin/CMakeFiles/CMakeTmp

Run Build Command:"/usr/bin/make" "cmTC_cc1d2/fast"
/Applications/Xcode.app/Contents/Developer/usr/bin/make -f CMakeFiles/cmTC_cc1d2.dir/build.make CMakeFiles/cmTC_cc1d2.dir/build
Building CXX object CMakeFiles/cmTC_cc1d2.dir/vxl_platform_tests.cxx.o
/Applications/Xcode.app/Contents/Developer/Toolchains/XcodeDefault.xctoolchain/usr/bin/c++     -fPIC -DVCL_STATIC_CONST_INIT_NO_DEFN -isysroot /Applications/Xcode.app/Contents/Developer/Platforms/MacOSX.platform/Developer/SDKs/MacOSX10.11.sdk   -o CMakeFiles/cmTC_cc1d2.dir/vxl_platform_tests.cxx.o -c /Users/Sean/Desktop/cs_project/vxl-tsai/config/cmake/config/vxl_platform_tests.cxx
Linking CXX executable cmTC_cc1d2
/Applications/CMake.app/Contents/bin/cmake -E cmake_link_script CMakeFiles/cmTC_cc1d2.dir/link.txt --verbose=1
/Applications/Xcode.app/Contents/Developer/Toolchains/XcodeDefault.xctoolchain/usr/bin/c++    -fPIC -DVCL_STATIC_CONST_INIT_NO_DEFN -isysroot /Applications/Xcode.app/Contents/Developer/Platforms/MacOSX.platform/Developer/SDKs/MacOSX10.11.sdk -Wl,-search_paths_first -Wl,-headerpad_max_install_names   CMakeFiles/cmTC_cc1d2.dir/vxl_platform_tests.cxx.o  -o cmTC_cc1d2  
Undefined symbols for architecture x86_64:
  "A::x", referenced from:
      _main in vxl_platform_tests.cxx.o
ld: symbol(s) not found for architecture x86_64
clang: error: linker command failed with exit code 1 (use -v to see invocation)
make[1]: *** [cmTC_cc1d2] Error 1
make: *** [cmTC_cc1d2/fast] Error 2


Performing Test VCL_OVERLOAD_CAST failed with the following output:
Change Dir: /Users/Sean/Desktop/cs_project/vxl-tsai-codeblocks-bin/CMakeFiles/CMakeTmp

Run Build Command:"/usr/bin/make" "cmTC_8b366/fast"
/Applications/Xcode.app/Contents/Developer/usr/bin/make -f CMakeFiles/cmTC_8b366.dir/build.make CMakeFiles/cmTC_8b366.dir/build
Building CXX object CMakeFiles/cmTC_8b366.dir/vxl_platform_tests.cxx.o
/Applications/Xcode.app/Contents/Developer/Toolchains/XcodeDefault.xctoolchain/usr/bin/c++     -fPIC -DVCL_OVERLOAD_CAST -isysroot /Applications/Xcode.app/Contents/Developer/Platforms/MacOSX.platform/Developer/SDKs/MacOSX10.11.sdk   -o CMakeFiles/cmTC_8b366.dir/vxl_platform_tests.cxx.o -c /Users/Sean/Desktop/cs_project/vxl-tsai/config/cmake/config/vxl_platform_tests.cxx
/Users/Sean/Desktop/cs_project/vxl-tsai/config/cmake/config/vxl_platform_tests.cxx:373:41: error: use of undeclared identifier 'data_fixed'; did you mean 'data_fixedn'?
  vnl_vector_fixed() : vnl_vector<T>(n, data_fixed) {}
                                        ^~~~~~~~~~
                                        data_fixedn
/Users/Sean/Desktop/cs_project/vxl-tsai/config/cmake/config/vxl_platform_tests.cxx:372:5: note: 'data_fixedn' declared here
  T data_fixedn;
    ^
1 error generated.
make[1]: *** [CMakeFiles/cmTC_8b366.dir/vxl_platform_tests.cxx.o] Error 1
make: *** [cmTC_8b366/fast] Error 2


Performing Test VCL_NULL_TMPL_ARGS failed with the following output:
Change Dir: /Users/Sean/Desktop/cs_project/vxl-tsai-codeblocks-bin/CMakeFiles/CMakeTmp

Run Build Command:"/usr/bin/make" "cmTC_5c0eb/fast"
/Applications/Xcode.app/Contents/Developer/usr/bin/make -f CMakeFiles/cmTC_5c0eb.dir/build.make CMakeFiles/cmTC_5c0eb.dir/build
Building CXX object CMakeFiles/cmTC_5c0eb.dir/vxl_platform_tests.cxx.o
/Applications/Xcode.app/Contents/Developer/Toolchains/XcodeDefault.xctoolchain/usr/bin/c++     -fPIC -DVCL_NULL_TMPL_ARGS -isysroot /Applications/Xcode.app/Contents/Developer/Platforms/MacOSX.platform/Developer/SDKs/MacOSX10.11.sdk   -o CMakeFiles/cmTC_5c0eb.dir/vxl_platform_tests.cxx.o -c /Users/Sean/Desktop/cs_project/vxl-tsai/config/cmake/config/vxl_platform_tests.cxx
/Users/Sean/Desktop/cs_project/vxl-tsai/config/cmake/config/vxl_platform_tests.cxx:427:7: error: 'data' is a private member of 'victor<double>'
    u.data[0] * v.data[0] +
      ^
/Users/Sean/Desktop/cs_project/vxl-tsai/config/cmake/config/vxl_platform_tests.cxx:432:17: note: in instantiation of function template specialization 'dot<double>' requested here
template double dot(victor<double> const &, victor<double> const &);
                ^
/Users/Sean/Desktop/cs_project/vxl-tsai/config/cmake/config/vxl_platform_tests.cxx:421:5: note: declared private here
  T data[3];
    ^
/Users/Sean/Desktop/cs_project/vxl-tsai/config/cmake/config/vxl_platform_tests.cxx:427:19: error: 'data' is a private member of 'victor<double>'
    u.data[0] * v.data[0] +
                  ^
/Users/Sean/Desktop/cs_project/vxl-tsai/config/cmake/config/vxl_platform_tests.cxx:421:5: note: declared private here
  T data[3];
    ^
/Users/Sean/Desktop/cs_project/vxl-tsai/config/cmake/config/vxl_platform_tests.cxx:428:7: error: 'data' is a private member of 'victor<double>'
    u.data[1] * v.data[1] +
      ^
/Users/Sean/Desktop/cs_project/vxl-tsai/config/cmake/config/vxl_platform_tests.cxx:421:5: note: declared private here
  T data[3];
    ^
/Users/Sean/Desktop/cs_project/vxl-tsai/config/cmake/config/vxl_platform_tests.cxx:428:19: error: 'data' is a private member of 'victor<double>'
    u.data[1] * v.data[1] +
                  ^
/Users/Sean/Desktop/cs_project/vxl-tsai/config/cmake/config/vxl_platform_tests.cxx:421:5: note: declared private here
  T data[3];
    ^
/Users/Sean/Desktop/cs_project/vxl-tsai/config/cmake/config/vxl_platform_tests.cxx:429:7: error: 'data' is a private member of 'victor<double>'
    u.data[2] * v.data[2];
      ^
/Users/Sean/Desktop/cs_project/vxl-tsai/config/cmake/config/vxl_platform_tests.cxx:421:5: note: declared private here
  T data[3];
    ^
/Users/Sean/Desktop/cs_project/vxl-tsai/config/cmake/config/vxl_platform_tests.cxx:429:19: error: 'data' is a private member of 'victor<double>'
    u.data[2] * v.data[2];
                  ^
/Users/Sean/Desktop/cs_project/vxl-tsai/config/cmake/config/vxl_platform_tests.cxx:421:5: note: declared private here
  T data[3];
    ^
6 errors generated.
make[1]: *** [CMakeFiles/cmTC_5c0eb.dir/vxl_platform_tests.cxx.o] Error 1
make: *** [cmTC_5c0eb/fast] Error 2


Performing Try-Run Test VCL_HAS_TEMPLATE_SYMBOLS failed to compile with the following output:
Change Dir: /Users/Sean/Desktop/cs_project/vxl-tsai-codeblocks-bin/CMakeFiles/CMakeTmp

Run Build Command:"/usr/bin/make" "cmTC_bd9e4/fast"
/Applications/Xcode.app/Contents/Developer/usr/bin/make -f CMakeFiles/cmTC_bd9e4.dir/build.make CMakeFiles/cmTC_bd9e4.dir/build
Building CXX object CMakeFiles/cmTC_bd9e4.dir/vxl_platform_tests.cxx.o
/Applications/Xcode.app/Contents/Developer/Toolchains/XcodeDefault.xctoolchain/usr/bin/c++     -fPIC -DVCL_HAS_TEMPLATE_SYMBOLS -isysroot /Applications/Xcode.app/Contents/Developer/Platforms/MacOSX.platform/Developer/SDKs/MacOSX10.11.sdk   -o CMakeFiles/cmTC_bd9e4.dir/vxl_platform_tests.cxx.o -c /Users/Sean/Desktop/cs_project/vxl-tsai/config/cmake/config/vxl_platform_tests.cxx
Linking CXX executable cmTC_bd9e4
/Applications/CMake.app/Contents/bin/cmake -E cmake_link_script CMakeFiles/cmTC_bd9e4.dir/link.txt --verbose=1
/Applications/Xcode.app/Contents/Developer/Toolchains/XcodeDefault.xctoolchain/usr/bin/c++    -fPIC -DVCL_HAS_TEMPLATE_SYMBOLS -isysroot /Applications/Xcode.app/Contents/Developer/Platforms/MacOSX.platform/Developer/SDKs/MacOSX10.11.sdk -Wl,-search_paths_first -Wl,-headerpad_max_install_names   CMakeFiles/cmTC_bd9e4.dir/vxl_platform_tests.cxx.o  -o cmTC_bd9e4  
Undefined symbols for architecture x86_64:
  "void function<double>(double*, int)", referenced from:
      caller() in vxl_platform_tests.cxx.o
ld: symbol(s) not found for architecture x86_64
clang: error: linker command failed with exit code 1 (use -v to see invocation)
make[1]: *** [cmTC_bd9e4] Error 1
make: *** [cmTC_bd9e4/fast] Error 2


Performing Test VCL_NEEDS_NAMESPACE_STD failed with the following output:
Change Dir: /Users/Sean/Desktop/cs_project/vxl-tsai-codeblocks-bin/CMakeFiles/CMakeTmp

Run Build Command:"/usr/bin/make" "cmTC_ca8b9/fast"
/Applications/Xcode.app/Contents/Developer/usr/bin/make -f CMakeFiles/cmTC_ca8b9.dir/build.make CMakeFiles/cmTC_ca8b9.dir/build
Building CXX object CMakeFiles/cmTC_ca8b9.dir/vxl_platform_tests.cxx.o
/Applications/Xcode.app/Contents/Developer/Toolchains/XcodeDefault.xctoolchain/usr/bin/c++     -fPIC -DVCL_NEEDS_NAMESPACE_STD -isysroot /Applications/Xcode.app/Contents/Developer/Platforms/MacOSX.platform/Developer/SDKs/MacOSX10.11.sdk   -o CMakeFiles/cmTC_ca8b9.dir/vxl_platform_tests.cxx.o -c /Users/Sean/Desktop/cs_project/vxl-tsai/config/cmake/config/vxl_platform_tests.cxx
/Users/Sean/Desktop/cs_project/vxl-tsai/config/cmake/config/vxl_platform_tests.cxx:785:3: error: no template named 'vector'; did you mean 'std::vector'?
  vector<double> flaz; // correct should be:  std::vector<double>
  ^~~~~~
  std::vector
/Applications/Xcode.app/Contents/Developer/Toolchains/XcodeDefault.xctoolchain/usr/bin/../include/c++/v1/vector:477:29: note: 'std::vector' declared here
class _LIBCPP_TYPE_VIS_ONLY vector
                            ^
1 error generated.
make[1]: *** [CMakeFiles/cmTC_ca8b9.dir/vxl_platform_tests.cxx.o] Error 1
make: *** [cmTC_ca8b9/fast] Error 2


Performing Test VCL_HAS_SLICED_DESTRUCTOR_BUG succeeded with the following output:
Change Dir: /Users/Sean/Desktop/cs_project/vxl-tsai-codeblocks-bin/CMakeFiles/CMakeTmp

Run Build Command:"/usr/bin/make" "cmTC_56868/fast"
/Applications/Xcode.app/Contents/Developer/usr/bin/make -f CMakeFiles/cmTC_56868.dir/build.make CMakeFiles/cmTC_56868.dir/build
Building CXX object CMakeFiles/cmTC_56868.dir/vxl_platform_tests.cxx.o
/Applications/Xcode.app/Contents/Developer/Toolchains/XcodeDefault.xctoolchain/usr/bin/c++     -fPIC -DVCL_HAS_SLICED_DESTRUCTOR_BUG -isysroot /Applications/Xcode.app/Contents/Developer/Platforms/MacOSX.platform/Developer/SDKs/MacOSX10.11.sdk   -o CMakeFiles/cmTC_56868.dir/vxl_platform_tests.cxx.o -c /Users/Sean/Desktop/cs_project/vxl-tsai/config/cmake/config/vxl_platform_tests.cxx
Linking CXX executable cmTC_56868
/Applications/CMake.app/Contents/bin/cmake -E cmake_link_script CMakeFiles/cmTC_56868.dir/link.txt --verbose=1
/Applications/Xcode.app/Contents/Developer/Toolchains/XcodeDefault.xctoolchain/usr/bin/c++    -fPIC -DVCL_HAS_SLICED_DESTRUCTOR_BUG -isysroot /Applications/Xcode.app/Contents/Developer/Platforms/MacOSX.platform/Developer/SDKs/MacOSX10.11.sdk -Wl,-search_paths_first -Wl,-headerpad_max_install_names   CMakeFiles/cmTC_56868.dir/vxl_platform_tests.cxx.o  -o cmTC_56868  


Performing Test VCL_HAS_WORKING_STRINGSTREAM succeeded with the following output:
Change Dir: /Users/Sean/Desktop/cs_project/vxl-tsai-codeblocks-bin/CMakeFiles/CMakeTmp

Run Build Command:"/usr/bin/make" "cmTC_214be/fast"
/Applications/Xcode.app/Contents/Developer/usr/bin/make -f CMakeFiles/cmTC_214be.dir/build.make CMakeFiles/cmTC_214be.dir/build
Building CXX object CMakeFiles/cmTC_214be.dir/vxl_platform_tests.cxx.o
/Applications/Xcode.app/Contents/Developer/Toolchains/XcodeDefault.xctoolchain/usr/bin/c++     -fPIC -DVCL_HAS_WORKING_STRINGSTREAM -isysroot /Applications/Xcode.app/Contents/Developer/Platforms/MacOSX.platform/Developer/SDKs/MacOSX10.11.sdk   -o CMakeFiles/cmTC_214be.dir/vxl_platform_tests.cxx.o -c /Users/Sean/Desktop/cs_project/vxl-tsai/config/cmake/config/vxl_platform_tests.cxx
Linking CXX executable cmTC_214be
/Applications/CMake.app/Contents/bin/cmake -E cmake_link_script CMakeFiles/cmTC_214be.dir/link.txt --verbose=1
/Applications/Xcode.app/Contents/Developer/Toolchains/XcodeDefault.xctoolchain/usr/bin/c++    -fPIC -DVCL_HAS_WORKING_STRINGSTREAM -isysroot /Applications/Xcode.app/Contents/Developer/Platforms/MacOSX.platform/Developer/SDKs/MacOSX10.11.sdk -Wl,-search_paths_first -Wl,-headerpad_max_install_names   CMakeFiles/cmTC_214be.dir/vxl_platform_tests.cxx.o  -o cmTC_214be  


Performing Test VCL_HAS_LFS succeeded with the following output:
Change Dir: /Users/Sean/Desktop/cs_project/vxl-tsai-codeblocks-bin/CMakeFiles/CMakeTmp

Run Build Command:"/usr/bin/make" "cmTC_c1c3f/fast"
/Applications/Xcode.app/Contents/Developer/usr/bin/make -f CMakeFiles/cmTC_c1c3f.dir/build.make CMakeFiles/cmTC_c1c3f.dir/build
Building CXX object CMakeFiles/cmTC_c1c3f.dir/vxl_platform_tests.cxx.o
/Applications/Xcode.app/Contents/Developer/Toolchains/XcodeDefault.xctoolchain/usr/bin/c++     -fPIC -DVCL_HAS_LFS -isysroot /Applications/Xcode.app/Contents/Developer/Platforms/MacOSX.platform/Developer/SDKs/MacOSX10.11.sdk   -o CMakeFiles/cmTC_c1c3f.dir/vxl_platform_tests.cxx.o -c /Users/Sean/Desktop/cs_project/vxl-tsai/config/cmake/config/vxl_platform_tests.cxx
Linking CXX executable cmTC_c1c3f
/Applications/CMake.app/Contents/bin/cmake -E cmake_link_script CMakeFiles/cmTC_c1c3f.dir/link.txt --verbose=1
/Applications/Xcode.app/Contents/Developer/Toolchains/XcodeDefault.xctoolchain/usr/bin/c++    -fPIC -DVCL_HAS_LFS -isysroot /Applications/Xcode.app/Contents/Developer/Platforms/MacOSX.platform/Developer/SDKs/MacOSX10.11.sdk -Wl,-search_paths_first -Wl,-headerpad_max_install_names   CMakeFiles/cmTC_c1c3f.dir/vxl_platform_tests.cxx.o  -o cmTC_c1c3f  


Performing Test VXL_HAS_DBGHELP_H failed with the following output:
Change Dir: /Users/Sean/Desktop/cs_project/vxl-tsai-codeblocks-bin/CMakeFiles/CMakeTmp

Run Build Command:"/usr/bin/make" "cmTC_adb03/fast"
/Applications/Xcode.app/Contents/Developer/usr/bin/make -f CMakeFiles/cmTC_adb03.dir/build.make CMakeFiles/cmTC_adb03.dir/build
Building CXX object CMakeFiles/cmTC_adb03.dir/vxl_platform_tests.cxx.o
/Applications/Xcode.app/Contents/Developer/Toolchains/XcodeDefault.xctoolchain/usr/bin/c++     -fPIC -DVXL_HAS_DBGHELP_H -isysroot /Applications/Xcode.app/Contents/Developer/Platforms/MacOSX.platform/Developer/SDKs/MacOSX10.11.sdk   -o CMakeFiles/cmTC_adb03.dir/vxl_platform_tests.cxx.o -c /Users/Sean/Desktop/cs_project/vxl-tsai/config/cmake/config/vxl_platform_tests.cxx
/Users/Sean/Desktop/cs_project/vxl-tsai/config/cmake/config/vxl_platform_tests.cxx:1112:10: fatal error: 'Windows.h' file not found
#include <Windows.h>
         ^
1 error generated.
make[1]: *** [CMakeFiles/cmTC_adb03.dir/vxl_platform_tests.cxx.o] Error 1
make: *** [cmTC_adb03/fast] Error 2


Performing Test VXL_APPLE_HAS_ISNAND failed with the following output:
Change Dir: /Users/Sean/Desktop/cs_project/vxl-tsai-codeblocks-bin/CMakeFiles/CMakeTmp

Run Build Command:"/usr/bin/make" "cmTC_a1351/fast"
/Applications/Xcode.app/Contents/Developer/usr/bin/make -f CMakeFiles/cmTC_a1351.dir/build.make CMakeFiles/cmTC_a1351.dir/build
Building CXX object CMakeFiles/cmTC_a1351.dir/vxl_platform_tests.cxx.o
/Applications/Xcode.app/Contents/Developer/Toolchains/XcodeDefault.xctoolchain/usr/bin/c++     -fPIC -DVXL_APPLE_HAS_ISNAND -isysroot /Applications/Xcode.app/Contents/Developer/Platforms/MacOSX.platform/Developer/SDKs/MacOSX10.11.sdk   -o CMakeFiles/cmTC_a1351.dir/vxl_platform_tests.cxx.o -c /Users/Sean/Desktop/cs_project/vxl-tsai/config/cmake/config/vxl_platform_tests.cxx
/Users/Sean/Desktop/cs_project/vxl-tsai/config/cmake/config/vxl_platform_tests.cxx:1124:3: error: use of undeclared identifier '__isnand'
  __isnand(0.0);
  ^
1 error generated.
make[1]: *** [CMakeFiles/cmTC_a1351.dir/vxl_platform_tests.cxx.o] Error 1
make: *** [cmTC_a1351/fast] Error 2


Determining if the include file ieeefp.h exists failed with the following output:
Change Dir: /Users/Sean/Desktop/cs_project/vxl-tsai-codeblocks-bin/CMakeFiles/CMakeTmp

Run Build Command:"/usr/bin/make" "cmTC_9aeb4/fast"
/Applications/Xcode.app/Contents/Developer/usr/bin/make -f CMakeFiles/cmTC_9aeb4.dir/build.make CMakeFiles/cmTC_9aeb4.dir/build
Building CXX object CMakeFiles/cmTC_9aeb4.dir/CheckIncludeFile.cxx.o
/Applications/Xcode.app/Contents/Developer/Toolchains/XcodeDefault.xctoolchain/usr/bin/c++     -fPIC  -isysroot /Applications/Xcode.app/Contents/Developer/Platforms/MacOSX.platform/Developer/SDKs/MacOSX10.11.sdk   -o CMakeFiles/cmTC_9aeb4.dir/CheckIncludeFile.cxx.o -c /Users/Sean/Desktop/cs_project/vxl-tsai-codeblocks-bin/CMakeFiles/CMakeTmp/CheckIncludeFile.cxx
/Users/Sean/Desktop/cs_project/vxl-tsai-codeblocks-bin/CMakeFiles/CMakeTmp/CheckIncludeFile.cxx:1:10: fatal error: 'ieeefp.h' file not found
#include <ieeefp.h>
         ^
1 error generated.
make[1]: *** [CMakeFiles/cmTC_9aeb4.dir/CheckIncludeFile.cxx.o] Error 1
make: *** [cmTC_9aeb4/fast] Error 2


Determining if the include file tr1/memory exists failed with the following output:
Change Dir: /Users/Sean/Desktop/cs_project/vxl-tsai-codeblocks-bin/CMakeFiles/CMakeTmp

Run Build Command:"/usr/bin/make" "cmTC_a44be/fast"
/Applications/Xcode.app/Contents/Developer/usr/bin/make -f CMakeFiles/cmTC_a44be.dir/build.make CMakeFiles/cmTC_a44be.dir/build
Building CXX object CMakeFiles/cmTC_a44be.dir/CheckIncludeFile.cxx.o
/Applications/Xcode.app/Contents/Developer/Toolchains/XcodeDefault.xctoolchain/usr/bin/c++     -fPIC  -isysroot /Applications/Xcode.app/Contents/Developer/Platforms/MacOSX.platform/Developer/SDKs/MacOSX10.11.sdk   -o CMakeFiles/cmTC_a44be.dir/CheckIncludeFile.cxx.o -c /Users/Sean/Desktop/cs_project/vxl-tsai-codeblocks-bin/CMakeFiles/CMakeTmp/CheckIncludeFile.cxx
/Users/Sean/Desktop/cs_project/vxl-tsai-codeblocks-bin/CMakeFiles/CMakeTmp/CheckIncludeFile.cxx:1:10: fatal error: 'tr1/memory' file not found
#include <tr1/memory>
         ^
1 error generated.
make[1]: *** [CMakeFiles/cmTC_a44be.dir/CheckIncludeFile.cxx.o] Error 1
make: *** [cmTC_a44be/fast] Error 2


Determining if the std::tr1::shared_ptr<void> exist failed with the following output:
Change Dir: /Users/Sean/Desktop/cs_project/vxl-tsai-codeblocks-bin/CMakeFiles/CMakeTmp

Run Build Command:"/usr/bin/make" "cmTC_cbc37/fast"
/Applications/Xcode.app/Contents/Developer/usr/bin/make -f CMakeFiles/cmTC_cbc37.dir/build.make CMakeFiles/cmTC_cbc37.dir/build
Building CXX object CMakeFiles/cmTC_cbc37.dir/CheckTypeExists.cxx.o
/Applications/Xcode.app/Contents/Developer/Toolchains/XcodeDefault.xctoolchain/usr/bin/c++     -fPIC  -isysroot /Applications/Xcode.app/Contents/Developer/Platforms/MacOSX.platform/Developer/SDKs/MacOSX10.11.sdk   -o CMakeFiles/cmTC_cbc37.dir/CheckTypeExists.cxx.o -c /Users/Sean/Desktop/cs_project/vxl-tsai-codeblocks-bin/CMakeTmp/CheckTypeExists.cxx
/Users/Sean/Desktop/cs_project/vxl-tsai-codeblocks-bin/CMakeTmp/CheckTypeExists.cxx:2:10: fatal error: 'tr1/memory' file not found
#include <tr1/memory>
         ^
1 error generated.
make[1]: *** [CMakeFiles/cmTC_cbc37.dir/CheckTypeExists.cxx.o] Error 1
make: *** [cmTC_cbc37/fast] Error 2

File /Users/Sean/Desktop/cs_project/vxl-tsai-codeblocks-bin/CMakeTmp/CheckTypeExists.c:
/* */
#include <tr1/memory>

void cmakeRequireSymbol(std::tr1::shared_ptr<void> dummy){(void)dummy;}
int main()
{return 0;
}

Performing Test VXL_HAS_SSE2_HARDWARE_SUPPORT succeeded with the following output:
Change Dir: /Users/Sean/Desktop/cs_project/vxl-tsai-codeblocks-bin/CMakeFiles/CMakeTmp

Run Build Command:"/usr/bin/make" "cmTC_50ac8/fast"
/Applications/Xcode.app/Contents/Developer/usr/bin/make -f CMakeFiles/cmTC_50ac8.dir/build.make CMakeFiles/cmTC_50ac8.dir/build
Building CXX object CMakeFiles/cmTC_50ac8.dir/vxl_platform_tests.cxx.o
/Applications/Xcode.app/Contents/Developer/Toolchains/XcodeDefault.xctoolchain/usr/bin/c++     -fPIC -DVXL_HAS_SSE2_HARDWARE_SUPPORT -isysroot /Applications/Xcode.app/Contents/Developer/Platforms/MacOSX.platform/Developer/SDKs/MacOSX10.11.sdk   -o CMakeFiles/cmTC_50ac8.dir/vxl_platform_tests.cxx.o -c /Users/Sean/Desktop/cs_project/vxl-tsai/config/cmake/config/vxl_platform_tests.cxx
Linking CXX executable cmTC_50ac8
/Applications/CMake.app/Contents/bin/cmake -E cmake_link_script CMakeFiles/cmTC_50ac8.dir/link.txt --verbose=1
/Applications/Xcode.app/Contents/Developer/Toolchains/XcodeDefault.xctoolchain/usr/bin/c++    -fPIC -DVXL_HAS_SSE2_HARDWARE_SUPPORT -isysroot /Applications/Xcode.app/Contents/Developer/Platforms/MacOSX.platform/Developer/SDKs/MacOSX10.11.sdk -Wl,-search_paths_first -Wl,-headerpad_max_install_names   CMakeFiles/cmTC_50ac8.dir/vxl_platform_tests.cxx.o  -o cmTC_50ac8  


Performing Test VXL_HAS_ALIGNED_MALLOC failed with the following output:
Change Dir: /Users/Sean/Desktop/cs_project/vxl-tsai-codeblocks-bin/CMakeFiles/CMakeTmp

Run Build Command:"/usr/bin/make" "cmTC_72454/fast"
/Applications/Xcode.app/Contents/Developer/usr/bin/make -f CMakeFiles/cmTC_72454.dir/build.make CMakeFiles/cmTC_72454.dir/build
Building CXX object CMakeFiles/cmTC_72454.dir/vxl_platform_tests.cxx.o
/Applications/Xcode.app/Contents/Developer/Toolchains/XcodeDefault.xctoolchain/usr/bin/c++     -fPIC -DVXL_HAS_ALIGNED_MALLOC -isysroot /Applications/Xcode.app/Contents/Developer/Platforms/MacOSX.platform/Developer/SDKs/MacOSX10.11.sdk   -o CMakeFiles/cmTC_72454.dir/vxl_platform_tests.cxx.o -c /Users/Sean/Desktop/cs_project/vxl-tsai/config/cmake/config/vxl_platform_tests.cxx
/Users/Sean/Desktop/cs_project/vxl-tsai/config/cmake/config/vxl_platform_tests.cxx:1173:10: fatal error: 'malloc.h' file not found
#include <malloc.h>
         ^
1 error generated.
make[1]: *** [CMakeFiles/cmTC_72454.dir/vxl_platform_tests.cxx.o] Error 1
make: *** [cmTC_72454/fast] Error 2


Performing Test VXL_HAS_MINGW_ALIGNED_MALLOC failed with the following output:
Change Dir: /Users/Sean/Desktop/cs_project/vxl-tsai-codeblocks-bin/CMakeFiles/CMakeTmp

Run Build Command:"/usr/bin/make" "cmTC_69c6f/fast"
/Applications/Xcode.app/Contents/Developer/usr/bin/make -f CMakeFiles/cmTC_69c6f.dir/build.make CMakeFiles/cmTC_69c6f.dir/build
Building CXX object CMakeFiles/cmTC_69c6f.dir/vxl_platform_tests.cxx.o
/Applications/Xcode.app/Contents/Developer/Toolchains/XcodeDefault.xctoolchain/usr/bin/c++     -fPIC -DVXL_HAS_MINGW_ALIGNED_MALLOC -isysroot /Applications/Xcode.app/Contents/Developer/Platforms/MacOSX.platform/Developer/SDKs/MacOSX10.11.sdk   -o CMakeFiles/cmTC_69c6f.dir/vxl_platform_tests.cxx.o -c /Users/Sean/Desktop/cs_project/vxl-tsai/config/cmake/config/vxl_platform_tests.cxx
/Users/Sean/Desktop/cs_project/vxl-tsai/config/cmake/config/vxl_platform_tests.cxx:1185:10: fatal error: 'malloc.h' file not found
#include <malloc.h>
         ^
1 error generated.
make[1]: *** [CMakeFiles/cmTC_69c6f.dir/vxl_platform_tests.cxx.o] Error 1
make: *** [cmTC_69c6f/fast] Error 2


Performing Test VXL_HAS_POSIX_MEMALIGN failed with the following output:
Change Dir: /Users/Sean/Desktop/cs_project/vxl-tsai-codeblocks-bin/CMakeFiles/CMakeTmp

Run Build Command:"/usr/bin/make" "cmTC_67d45/fast"
/Applications/Xcode.app/Contents/Developer/usr/bin/make -f CMakeFiles/cmTC_67d45.dir/build.make CMakeFiles/cmTC_67d45.dir/build
Building CXX object CMakeFiles/cmTC_67d45.dir/vxl_platform_tests.cxx.o
/Applications/Xcode.app/Contents/Developer/Toolchains/XcodeDefault.xctoolchain/usr/bin/c++     -fPIC -DVXL_HAS_POSIX_MEMALIGN -isysroot /Applications/Xcode.app/Contents/Developer/Platforms/MacOSX.platform/Developer/SDKs/MacOSX10.11.sdk   -o CMakeFiles/cmTC_67d45.dir/vxl_platform_tests.cxx.o -c /Users/Sean/Desktop/cs_project/vxl-tsai/config/cmake/config/vxl_platform_tests.cxx
/Users/Sean/Desktop/cs_project/vxl-tsai/config/cmake/config/vxl_platform_tests.cxx:1200:13: error: use of undeclared identifier 'memalign'
  void* x = memalign(16,4*sizeof(float));
            ^
1 error generated.
make[1]: *** [CMakeFiles/cmTC_67d45.dir/vxl_platform_tests.cxx.o] Error 1
make: *** [cmTC_67d45/fast] Error 2


Performing Test VCL_COMPLEX_POW_WORKS succeeded with the following output:
Change Dir: /Users/Sean/Desktop/cs_project/vxl-tsai-codeblocks-bin/CMakeFiles/CMakeTmp

Run Build Command:"/usr/bin/make" "cmTC_418dd/fast"
/Applications/Xcode.app/Contents/Developer/usr/bin/make -f CMakeFiles/cmTC_418dd.dir/build.make CMakeFiles/cmTC_418dd.dir/build
Building CXX object CMakeFiles/cmTC_418dd.dir/vxl_platform_tests.cxx.o
/Applications/Xcode.app/Contents/Developer/Toolchains/XcodeDefault.xctoolchain/usr/bin/c++     -fPIC -DVCL_COMPLEX_POW_WORKS -isysroot /Applications/Xcode.app/Contents/Developer/Platforms/MacOSX.platform/Developer/SDKs/MacOSX10.11.sdk   -o CMakeFiles/cmTC_418dd.dir/vxl_platform_tests.cxx.o -c /Users/Sean/Desktop/cs_project/vxl-tsai/config/cmake/config/vxl_platform_tests.cxx
Linking CXX executable cmTC_418dd
/Applications/CMake.app/Contents/bin/cmake -E cmake_link_script CMakeFiles/cmTC_418dd.dir/link.txt --verbose=1
/Applications/Xcode.app/Contents/Developer/Toolchains/XcodeDefault.xctoolchain/usr/bin/c++    -fPIC -DVCL_COMPLEX_POW_WORKS -isysroot /Applications/Xcode.app/Contents/Developer/Platforms/MacOSX.platform/Developer/SDKs/MacOSX10.11.sdk -Wl,-search_paths_first -Wl,-headerpad_max_install_names   CMakeFiles/cmTC_418dd.dir/vxl_platform_tests.cxx.o  -o cmTC_418dd  


Determining if the finitef exist failed with the following output:
Change Dir: /Users/Sean/Desktop/cs_project/vxl-tsai-codeblocks-bin/CMakeFiles/CMakeTmp

Run Build Command:"/usr/bin/make" "cmTC_cf394/fast"
/Applications/Xcode.app/Contents/Developer/usr/bin/make -f CMakeFiles/cmTC_cf394.dir/build.make CMakeFiles/cmTC_cf394.dir/build
Building C object CMakeFiles/cmTC_cf394.dir/CheckSymbolExists.c.o
/Applications/Xcode.app/Contents/Developer/Toolchains/XcodeDefault.xctoolchain/usr/bin/cc    -fPIC  -isysroot /Applications/Xcode.app/Contents/Developer/Platforms/MacOSX.platform/Developer/SDKs/MacOSX10.11.sdk   -o CMakeFiles/cmTC_cf394.dir/CheckSymbolExists.c.o   -c /Users/Sean/Desktop/cs_project/vxl-tsai-codeblocks-bin/CMakeFiles/CMakeTmp/CheckSymbolExists.c
/Users/Sean/Desktop/cs_project/vxl-tsai-codeblocks-bin/CMakeFiles/CMakeTmp/CheckSymbolExists.c:8:19: error: use of undeclared identifier 'finitef'; did you mean 'finite'?
  return ((int*)(&finitef))[argc];
                  ^~~~~~~
                  finite
/Applications/Xcode.app/Contents/Developer/Platforms/MacOSX.platform/Developer/SDKs/MacOSX10.11.sdk/usr/include/math.h:757:12: note: 'finite' declared here
extern int finite(double) __OSX_AVAILABLE_BUT_DEPRECATED(__MAC_10_0, __MAC_10_9, __IPHONE_NA, __IPHONE_NA);
           ^
1 error generated.
make[1]: *** [CMakeFiles/cmTC_cf394.dir/CheckSymbolExists.c.o] Error 1
make: *** [cmTC_cf394/fast] Error 2

File /Users/Sean/Desktop/cs_project/vxl-tsai-codeblocks-bin/CMakeFiles/CMakeTmp/CheckSymbolExists.c:
/* */
#include <math.h>

int main(int argc, char** argv)
{
  (void)argv;
#ifndef finitef
  return ((int*)(&finitef))[argc];
#else
  (void)argc;
  return 0;
#endif
}

Determining if the finitel exist failed with the following output:
Change Dir: /Users/Sean/Desktop/cs_project/vxl-tsai-codeblocks-bin/CMakeFiles/CMakeTmp

Run Build Command:"/usr/bin/make" "cmTC_d02ec/fast"
/Applications/Xcode.app/Contents/Developer/usr/bin/make -f CMakeFiles/cmTC_d02ec.dir/build.make CMakeFiles/cmTC_d02ec.dir/build
Building C object CMakeFiles/cmTC_d02ec.dir/CheckSymbolExists.c.o
/Applications/Xcode.app/Contents/Developer/Toolchains/XcodeDefault.xctoolchain/usr/bin/cc    -fPIC  -isysroot /Applications/Xcode.app/Contents/Developer/Platforms/MacOSX.platform/Developer/SDKs/MacOSX10.11.sdk   -o CMakeFiles/cmTC_d02ec.dir/CheckSymbolExists.c.o   -c /Users/Sean/Desktop/cs_project/vxl-tsai-codeblocks-bin/CMakeFiles/CMakeTmp/CheckSymbolExists.c
/Users/Sean/Desktop/cs_project/vxl-tsai-codeblocks-bin/CMakeFiles/CMakeTmp/CheckSymbolExists.c:8:19: error: use of undeclared identifier 'finitel'; did you mean 'finite'?
  return ((int*)(&finitel))[argc];
                  ^~~~~~~
                  finite
/Applications/Xcode.app/Contents/Developer/Platforms/MacOSX.platform/Developer/SDKs/MacOSX10.11.sdk/usr/include/math.h:757:12: note: 'finite' declared here
extern int finite(double) __OSX_AVAILABLE_BUT_DEPRECATED(__MAC_10_0, __MAC_10_9, __IPHONE_NA, __IPHONE_NA);
           ^
1 error generated.
make[1]: *** [CMakeFiles/cmTC_d02ec.dir/CheckSymbolExists.c.o] Error 1
make: *** [cmTC_d02ec/fast] Error 2

File /Users/Sean/Desktop/cs_project/vxl-tsai-codeblocks-bin/CMakeFiles/CMakeTmp/CheckSymbolExists.c:
/* */
#include <math.h>

int main(int argc, char** argv)
{
  (void)argv;
#ifndef finitel
  return ((int*)(&finitel))[argc];
#else
  (void)argc;
  return 0;
#endif
}

Determining if the finite exist failed with the following output:
Change Dir: /Users/Sean/Desktop/cs_project/vxl-tsai-codeblocks-bin/CMakeFiles/CMakeTmp

Run Build Command:"/usr/bin/make" "cmTC_316c4/fast"
/Applications/Xcode.app/Contents/Developer/usr/bin/make -f CMakeFiles/cmTC_316c4.dir/build.make CMakeFiles/cmTC_316c4.dir/build
Building C object CMakeFiles/cmTC_316c4.dir/CheckSymbolExists.c.o
/Applications/Xcode.app/Contents/Developer/Toolchains/XcodeDefault.xctoolchain/usr/bin/cc    -fPIC  -isysroot /Applications/Xcode.app/Contents/Developer/Platforms/MacOSX.platform/Developer/SDKs/MacOSX10.11.sdk   -o CMakeFiles/cmTC_316c4.dir/CheckSymbolExists.c.o   -c /Users/Sean/Desktop/cs_project/vxl-tsai-codeblocks-bin/CMakeFiles/CMakeTmp/CheckSymbolExists.c
/Users/Sean/Desktop/cs_project/vxl-tsai-codeblocks-bin/CMakeFiles/CMakeTmp/CheckSymbolExists.c:2:10: fatal error: 'ieeefp.h' file not found
#include <ieeefp.h>
         ^
1 error generated.
make[1]: *** [CMakeFiles/cmTC_316c4.dir/CheckSymbolExists.c.o] Error 1
make: *** [cmTC_316c4/fast] Error 2

File /Users/Sean/Desktop/cs_project/vxl-tsai-codeblocks-bin/CMakeFiles/CMakeTmp/CheckSymbolExists.c:
/* */
#include <ieeefp.h>

int main(int argc, char** argv)
{
  (void)argv;
#ifndef finite
  return ((int*)(&finite))[argc];
#else
  (void)argc;
  return 0;
#endif
}

Determining if the system is big endian passed with the following output:
Change Dir: /Users/Sean/Desktop/cs_project/vxl-tsai-codeblocks-bin/CMakeFiles/CMakeTmp

Run Build Command:"/usr/bin/make" "cmTC_fb7bb/fast"
/Applications/Xcode.app/Contents/Developer/usr/bin/make -f CMakeFiles/cmTC_fb7bb.dir/build.make CMakeFiles/cmTC_fb7bb.dir/build
Building C object CMakeFiles/cmTC_fb7bb.dir/TestEndianess.c.o
/Applications/Xcode.app/Contents/Developer/Toolchains/XcodeDefault.xctoolchain/usr/bin/cc    -fPIC  -isysroot /Applications/Xcode.app/Contents/Developer/Platforms/MacOSX.platform/Developer/SDKs/MacOSX10.11.sdk   -o CMakeFiles/cmTC_fb7bb.dir/TestEndianess.c.o   -c /Users/Sean/Desktop/cs_project/vxl-tsai-codeblocks-bin/CMakeFiles/CMakeTmp/TestEndianess.c
Linking C executable cmTC_fb7bb
/Applications/CMake.app/Contents/bin/cmake -E cmake_link_script CMakeFiles/cmTC_fb7bb.dir/link.txt --verbose=1
/Applications/Xcode.app/Contents/Developer/Toolchains/XcodeDefault.xctoolchain/usr/bin/cc   -fPIC  -isysroot /Applications/Xcode.app/Contents/Developer/Platforms/MacOSX.platform/Developer/SDKs/MacOSX10.11.sdk -Wl,-search_paths_first -Wl,-headerpad_max_install_names   CMakeFiles/cmTC_fb7bb.dir/TestEndianess.c.o  -o cmTC_fb7bb  

TestEndianess.c:
/* A 16 bit integer is required. */
typedef unsigned short cmakeint16;

/* On a little endian machine, these 16bit ints will give "THIS IS LITTLE ENDIAN."
   On a big endian machine the characters will be exchanged pairwise. */
const cmakeint16 info_little[] =  {0x4854, 0x5349, 0x4920, 0x2053, 0x494c, 0x5454, 0x454c, 0x4520, 0x444e, 0x4149, 0x2e4e, 0x0000};

/* on a big endian machine, these 16bit ints will give "THIS IS BIG ENDIAN."
   On a little endian machine the characters will be exchanged pairwise. */
const cmakeint16 info_big[] =     {0x5448, 0x4953, 0x2049, 0x5320, 0x4249, 0x4720, 0x454e, 0x4449, 0x414e, 0x2e2e, 0x0000};

#ifdef __CLASSIC_C__
int main(argc, argv) int argc; char *argv[];
#else
int main(int argc, char *argv[])
#endif
{
  int require = 0;
  require += info_little[argc];
  require += info_big[argc];
  (void)argv;
  return require;
}


Performing Test VCL_CHAR_IS_SIGNED succeeded with the following output:
Change Dir: /Users/Sean/Desktop/cs_project/vxl-tsai-codeblocks-bin/CMakeFiles/CMakeTmp

Run Build Command:"/usr/bin/make" "cmTC_257e9/fast"
/Applications/Xcode.app/Contents/Developer/usr/bin/make -f CMakeFiles/cmTC_257e9.dir/build.make CMakeFiles/cmTC_257e9.dir/build
Building CXX object CMakeFiles/cmTC_257e9.dir/vxl_platform_tests.cxx.o
/Applications/Xcode.app/Contents/Developer/Toolchains/XcodeDefault.xctoolchain/usr/bin/c++     -fPIC -DVCL_CHAR_IS_SIGNED -isysroot /Applications/Xcode.app/Contents/Developer/Platforms/MacOSX.platform/Developer/SDKs/MacOSX10.11.sdk   -o CMakeFiles/cmTC_257e9.dir/vxl_platform_tests.cxx.o -c /Users/Sean/Desktop/cs_project/vxl-tsai/config/cmake/config/vxl_platform_tests.cxx
Linking CXX executable cmTC_257e9
/Applications/CMake.app/Contents/bin/cmake -E cmake_link_script CMakeFiles/cmTC_257e9.dir/link.txt --verbose=1
/Applications/Xcode.app/Contents/Developer/Toolchains/XcodeDefault.xctoolchain/usr/bin/c++    -fPIC -DVCL_CHAR_IS_SIGNED -isysroot /Applications/Xcode.app/Contents/Developer/Platforms/MacOSX.platform/Developer/SDKs/MacOSX10.11.sdk -Wl,-search_paths_first -Wl,-headerpad_max_install_names   CMakeFiles/cmTC_257e9.dir/vxl_platform_tests.cxx.o  -o cmTC_257e9  -lm 


Looking for 8-bit int. Failed to compile with the following output:
(FLAGS=-DVXL_HAS_TYPE_OF_SIZE)
Change Dir: /Users/Sean/Desktop/cs_project/vxl-tsai-codeblocks-bin/CMakeFiles/CMakeTmp

Run Build Command:"/usr/bin/make" "cmTC_4de76/fast"
/Applications/Xcode.app/Contents/Developer/usr/bin/make -f CMakeFiles/cmTC_4de76.dir/build.make CMakeFiles/cmTC_4de76.dir/build
Building CXX object CMakeFiles/cmTC_4de76.dir/vxl_platform_tests.cxx.o
/Applications/Xcode.app/Contents/Developer/Toolchains/XcodeDefault.xctoolchain/usr/bin/c++    -I/Users/Sean/Desktop/cs_project/vxl-tsai-codeblocks-bin/CMakeTmp  -fPIC -DVXL_HAS_TYPE_OF_SIZE -isysroot /Applications/Xcode.app/Contents/Developer/Platforms/MacOSX.platform/Developer/SDKs/MacOSX10.11.sdk   -o CMakeFiles/cmTC_4de76.dir/vxl_platform_tests.cxx.o -c /Users/Sean/Desktop/cs_project/vxl-tsai/config/cmake/config/vxl_platform_tests.cxx
/Users/Sean/Desktop/cs_project/vxl-tsai/config/cmake/config/vxl_platform_tests.cxx:1053:14: error: redefinition of 'verify_size' with a different type: 'int (*)[8]' vs 'int (*)[16]'
extern int (*verify_size)[THE_SIZE];
             ^
/Users/Sean/Desktop/cs_project/vxl-tsai/config/cmake/config/vxl_platform_tests.cxx:1052:14: note: previous definition is here
extern int (*verify_size)[sizeof(THE_TYPE) * CHAR_BIT];
             ^
1 error generated.
make[1]: *** [CMakeFiles/cmTC_4de76.dir/vxl_platform_tests.cxx.o] Error 1
make: *** [cmTC_4de76/fast] Error 2


Looking for 16-bit int. Failed to compile with the following output:
(FLAGS=-DVXL_HAS_TYPE_OF_SIZE)
Change Dir: /Users/Sean/Desktop/cs_project/vxl-tsai-codeblocks-bin/CMakeFiles/CMakeTmp

Run Build Command:"/usr/bin/make" "cmTC_641b4/fast"
/Applications/Xcode.app/Contents/Developer/usr/bin/make -f CMakeFiles/cmTC_641b4.dir/build.make CMakeFiles/cmTC_641b4.dir/build
Building CXX object CMakeFiles/cmTC_641b4.dir/vxl_platform_tests.cxx.o
/Applications/Xcode.app/Contents/Developer/Toolchains/XcodeDefault.xctoolchain/usr/bin/c++    -I/Users/Sean/Desktop/cs_project/vxl-tsai-codeblocks-bin/CMakeTmp  -fPIC -DVXL_HAS_TYPE_OF_SIZE -isysroot /Applications/Xcode.app/Contents/Developer/Platforms/MacOSX.platform/Developer/SDKs/MacOSX10.11.sdk   -o CMakeFiles/cmTC_641b4.dir/vxl_platform_tests.cxx.o -c /Users/Sean/Desktop/cs_project/vxl-tsai/config/cmake/config/vxl_platform_tests.cxx
/Users/Sean/Desktop/cs_project/vxl-tsai/config/cmake/config/vxl_platform_tests.cxx:1053:14: error: redefinition of 'verify_size' with a different type: 'int (*)[16]' vs 'int (*)[8]'
extern int (*verify_size)[THE_SIZE];
             ^
/Users/Sean/Desktop/cs_project/vxl-tsai/config/cmake/config/vxl_platform_tests.cxx:1052:14: note: previous definition is here
extern int (*verify_size)[sizeof(THE_TYPE) * CHAR_BIT];
             ^
1 error generated.
make[1]: *** [CMakeFiles/cmTC_641b4.dir/vxl_platform_tests.cxx.o] Error 1
make: *** [cmTC_641b4/fast] Error 2


Looking for 16-bit int. Failed to compile with the following output:
(FLAGS=-DVXL_HAS_TYPE_OF_SIZE)
Change Dir: /Users/Sean/Desktop/cs_project/vxl-tsai-codeblocks-bin/CMakeFiles/CMakeTmp

Run Build Command:"/usr/bin/make" "cmTC_642ec/fast"
/Applications/Xcode.app/Contents/Developer/usr/bin/make -f CMakeFiles/cmTC_642ec.dir/build.make CMakeFiles/cmTC_642ec.dir/build
Building CXX object CMakeFiles/cmTC_642ec.dir/vxl_platform_tests.cxx.o
/Applications/Xcode.app/Contents/Developer/Toolchains/XcodeDefault.xctoolchain/usr/bin/c++    -I/Users/Sean/Desktop/cs_project/vxl-tsai-codeblocks-bin/CMakeTmp  -fPIC -DVXL_HAS_TYPE_OF_SIZE -isysroot /Applications/Xcode.app/Contents/Developer/Platforms/MacOSX.platform/Developer/SDKs/MacOSX10.11.sdk   -o CMakeFiles/cmTC_642ec.dir/vxl_platform_tests.cxx.o -c /Users/Sean/Desktop/cs_project/vxl-tsai/config/cmake/config/vxl_platform_tests.cxx
/Users/Sean/Desktop/cs_project/vxl-tsai/config/cmake/config/vxl_platform_tests.cxx:1053:14: error: redefinition of 'verify_size' with a different type: 'int (*)[16]' vs 'int (*)[32]'
extern int (*verify_size)[THE_SIZE];
             ^
/Users/Sean/Desktop/cs_project/vxl-tsai/config/cmake/config/vxl_platform_tests.cxx:1052:14: note: previous definition is here
extern int (*verify_size)[sizeof(THE_TYPE) * CHAR_BIT];
             ^
1 error generated.
make[1]: *** [CMakeFiles/cmTC_642ec.dir/vxl_platform_tests.cxx.o] Error 1
make: *** [cmTC_642ec/fast] Error 2


Looking for 32-bit int. Failed to compile with the following output:
(FLAGS=-DVXL_HAS_TYPE_OF_SIZE)
Change Dir: /Users/Sean/Desktop/cs_project/vxl-tsai-codeblocks-bin/CMakeFiles/CMakeTmp

Run Build Command:"/usr/bin/make" "cmTC_99b50/fast"
/Applications/Xcode.app/Contents/Developer/usr/bin/make -f CMakeFiles/cmTC_99b50.dir/build.make CMakeFiles/cmTC_99b50.dir/build
Building CXX object CMakeFiles/cmTC_99b50.dir/vxl_platform_tests.cxx.o
/Applications/Xcode.app/Contents/Developer/Toolchains/XcodeDefault.xctoolchain/usr/bin/c++    -I/Users/Sean/Desktop/cs_project/vxl-tsai-codeblocks-bin/CMakeTmp  -fPIC -DVXL_HAS_TYPE_OF_SIZE -isysroot /Applications/Xcode.app/Contents/Developer/Platforms/MacOSX.platform/Developer/SDKs/MacOSX10.11.sdk   -o CMakeFiles/cmTC_99b50.dir/vxl_platform_tests.cxx.o -c /Users/Sean/Desktop/cs_project/vxl-tsai/config/cmake/config/vxl_platform_tests.cxx
/Users/Sean/Desktop/cs_project/vxl-tsai/config/cmake/config/vxl_platform_tests.cxx:1053:14: error: redefinition of 'verify_size' with a different type: 'int (*)[32]' vs 'int (*)[16]'
extern int (*verify_size)[THE_SIZE];
             ^
/Users/Sean/Desktop/cs_project/vxl-tsai/config/cmake/config/vxl_platform_tests.cxx:1052:14: note: previous definition is here
extern int (*verify_size)[sizeof(THE_TYPE) * CHAR_BIT];
             ^
1 error generated.
make[1]: *** [CMakeFiles/cmTC_99b50.dir/vxl_platform_tests.cxx.o] Error 1
make: *** [cmTC_99b50/fast] Error 2


Looking for 32-bit int. Failed to compile with the following output:
(FLAGS=-DVXL_HAS_TYPE_OF_SIZE)
Change Dir: /Users/Sean/Desktop/cs_project/vxl-tsai-codeblocks-bin/CMakeFiles/CMakeTmp

Run Build Command:"/usr/bin/make" "cmTC_1f19d/fast"
/Applications/Xcode.app/Contents/Developer/usr/bin/make -f CMakeFiles/cmTC_1f19d.dir/build.make CMakeFiles/cmTC_1f19d.dir/build
Building CXX object CMakeFiles/cmTC_1f19d.dir/vxl_platform_tests.cxx.o
/Applications/Xcode.app/Contents/Developer/Toolchains/XcodeDefault.xctoolchain/usr/bin/c++    -I/Users/Sean/Desktop/cs_project/vxl-tsai-codeblocks-bin/CMakeTmp  -fPIC -DVXL_HAS_TYPE_OF_SIZE -isysroot /Applications/Xcode.app/Contents/Developer/Platforms/MacOSX.platform/Developer/SDKs/MacOSX10.11.sdk   -o CMakeFiles/cmTC_1f19d.dir/vxl_platform_tests.cxx.o -c /Users/Sean/Desktop/cs_project/vxl-tsai/config/cmake/config/vxl_platform_tests.cxx
/Users/Sean/Desktop/cs_project/vxl-tsai/config/cmake/config/vxl_platform_tests.cxx:1053:14: error: redefinition of 'verify_size' with a different type: 'int (*)[32]' vs 'int (*)[64]'
extern int (*verify_size)[THE_SIZE];
             ^
/Users/Sean/Desktop/cs_project/vxl-tsai/config/cmake/config/vxl_platform_tests.cxx:1052:14: note: previous definition is here
extern int (*verify_size)[sizeof(THE_TYPE) * CHAR_BIT];
             ^
1 error generated.
make[1]: *** [CMakeFiles/cmTC_1f19d.dir/vxl_platform_tests.cxx.o] Error 1
make: *** [cmTC_1f19d/fast] Error 2


Looking for 64-bit int. Failed to compile with the following output:
(FLAGS=-DVXL_HAS_TYPE_OF_SIZE)
Change Dir: /Users/Sean/Desktop/cs_project/vxl-tsai-codeblocks-bin/CMakeFiles/CMakeTmp

Run Build Command:"/usr/bin/make" "cmTC_cc44c/fast"
/Applications/Xcode.app/Contents/Developer/usr/bin/make -f CMakeFiles/cmTC_cc44c.dir/build.make CMakeFiles/cmTC_cc44c.dir/build
Building CXX object CMakeFiles/cmTC_cc44c.dir/vxl_platform_tests.cxx.o
/Applications/Xcode.app/Contents/Developer/Toolchains/XcodeDefault.xctoolchain/usr/bin/c++    -I/Users/Sean/Desktop/cs_project/vxl-tsai-codeblocks-bin/CMakeTmp  -fPIC -DVXL_HAS_TYPE_OF_SIZE -isysroot /Applications/Xcode.app/Contents/Developer/Platforms/MacOSX.platform/Developer/SDKs/MacOSX10.11.sdk   -o CMakeFiles/cmTC_cc44c.dir/vxl_platform_tests.cxx.o -c /Users/Sean/Desktop/cs_project/vxl-tsai/config/cmake/config/vxl_platform_tests.cxx
/Users/Sean/Desktop/cs_project/vxl-tsai/config/cmake/config/vxl_platform_tests.cxx:1040:14: error: unknown type name '__int64'
double cast( THE_TYPE a, unsigned THE_TYPE b, signed THE_TYPE c )
             ^
/Users/Sean/Desktop/cs_project/vxl-tsai-codeblocks-bin/CMakeTmp/config.h:1:18: note: expanded from macro 'THE_TYPE'
#define THE_TYPE __int64
                 ^
/Users/Sean/Desktop/cs_project/vxl-tsai/config/cmake/config/vxl_platform_tests.cxx:1040:44: error: expected ')'
double cast( THE_TYPE a, unsigned THE_TYPE b, signed THE_TYPE c )
                                           ^
/Users/Sean/Desktop/cs_project/vxl-tsai/config/cmake/config/vxl_platform_tests.cxx:1040:12: note: to match this '('
double cast( THE_TYPE a, unsigned THE_TYPE b, signed THE_TYPE c )
           ^
/Users/Sean/Desktop/cs_project/vxl-tsai/config/cmake/config/vxl_platform_tests.cxx:1042:32: error: use of undeclared identifier 'b'
  return double( a ) + double( b ) + double( c );
                               ^
/Users/Sean/Desktop/cs_project/vxl-tsai/config/cmake/config/vxl_platform_tests.cxx:1042:46: error: use of undeclared identifier 'c'
  return double( a ) + double( b ) + double( c );
                                             ^
/Users/Sean/Desktop/cs_project/vxl-tsai/config/cmake/config/vxl_platform_tests.cxx:1052:34: error: use of undeclared identifier '__int64'
extern int (*verify_size)[sizeof(THE_TYPE) * CHAR_BIT];
                                 ^
/Users/Sean/Desktop/cs_project/vxl-tsai-codeblocks-bin/CMakeTmp/config.h:1:18: note: expanded from macro 'THE_TYPE'
#define THE_TYPE __int64
                 ^
5 errors generated.
make[1]: *** [CMakeFiles/cmTC_cc44c.dir/vxl_platform_tests.cxx.o] Error 1
make: *** [cmTC_cc44c/fast] Error 2


Looking for 32-bit float. Failed to compile with the following output:
(FLAGS=-DVXL_HAS_TYPE_OF_SIZE)
Change Dir: /Users/Sean/Desktop/cs_project/vxl-tsai-codeblocks-bin/CMakeFiles/CMakeTmp

Run Build Command:"/usr/bin/make" "cmTC_ec8bc/fast"
/Applications/Xcode.app/Contents/Developer/usr/bin/make -f CMakeFiles/cmTC_ec8bc.dir/build.make CMakeFiles/cmTC_ec8bc.dir/build
Building CXX object CMakeFiles/cmTC_ec8bc.dir/vxl_platform_tests.cxx.o
/Applications/Xcode.app/Contents/Developer/Toolchains/XcodeDefault.xctoolchain/usr/bin/c++    -I/Users/Sean/Desktop/cs_project/vxl-tsai-codeblocks-bin/CMakeTmp  -fPIC -DVXL_HAS_TYPE_OF_SIZE -isysroot /Applications/Xcode.app/Contents/Developer/Platforms/MacOSX.platform/Developer/SDKs/MacOSX10.11.sdk   -o CMakeFiles/cmTC_ec8bc.dir/vxl_platform_tests.cxx.o -c /Users/Sean/Desktop/cs_project/vxl-tsai/config/cmake/config/vxl_platform_tests.cxx
/Users/Sean/Desktop/cs_project/vxl-tsai/config/cmake/config/vxl_platform_tests.cxx:1053:14: error: redefinition of 'verify_size' with a different type: 'int (*)[32]' vs 'int (*)[128]'
extern int (*verify_size)[THE_SIZE];
             ^
/Users/Sean/Desktop/cs_project/vxl-tsai/config/cmake/config/vxl_platform_tests.cxx:1052:14: note: previous definition is here
extern int (*verify_size)[sizeof(THE_TYPE) * CHAR_BIT];
             ^
1 error generated.
make[1]: *** [CMakeFiles/cmTC_ec8bc.dir/vxl_platform_tests.cxx.o] Error 1
make: *** [cmTC_ec8bc/fast] Error 2


Looking for 32-bit float. Failed to compile with the following output:
(FLAGS=-DVXL_HAS_TYPE_OF_SIZE)
Change Dir: /Users/Sean/Desktop/cs_project/vxl-tsai-codeblocks-bin/CMakeFiles/CMakeTmp

Run Build Command:"/usr/bin/make" "cmTC_b11de/fast"
/Applications/Xcode.app/Contents/Developer/usr/bin/make -f CMakeFiles/cmTC_b11de.dir/build.make CMakeFiles/cmTC_b11de.dir/build
Building CXX object CMakeFiles/cmTC_b11de.dir/vxl_platform_tests.cxx.o
/Applications/Xcode.app/Contents/Developer/Toolchains/XcodeDefault.xctoolchain/usr/bin/c++    -I/Users/Sean/Desktop/cs_project/vxl-tsai-codeblocks-bin/CMakeTmp  -fPIC -DVXL_HAS_TYPE_OF_SIZE -isysroot /Applications/Xcode.app/Contents/Developer/Platforms/MacOSX.platform/Developer/SDKs/MacOSX10.11.sdk   -o CMakeFiles/cmTC_b11de.dir/vxl_platform_tests.cxx.o -c /Users/Sean/Desktop/cs_project/vxl-tsai/config/cmake/config/vxl_platform_tests.cxx
/Users/Sean/Desktop/cs_project/vxl-tsai/config/cmake/config/vxl_platform_tests.cxx:1053:14: error: redefinition of 'verify_size' with a different type: 'int (*)[32]' vs 'int (*)[64]'
extern int (*verify_size)[THE_SIZE];
             ^
/Users/Sean/Desktop/cs_project/vxl-tsai/config/cmake/config/vxl_platform_tests.cxx:1052:14: note: previous definition is here
extern int (*verify_size)[sizeof(THE_TYPE) * CHAR_BIT];
             ^
1 error generated.
make[1]: *** [CMakeFiles/cmTC_b11de.dir/vxl_platform_tests.cxx.o] Error 1
make: *** [cmTC_b11de/fast] Error 2


Looking for 64-bit float. Failed to compile with the following output:
(FLAGS=-DVXL_HAS_TYPE_OF_SIZE)
Change Dir: /Users/Sean/Desktop/cs_project/vxl-tsai-codeblocks-bin/CMakeFiles/CMakeTmp

Run Build Command:"/usr/bin/make" "cmTC_50a76/fast"
/Applications/Xcode.app/Contents/Developer/usr/bin/make -f CMakeFiles/cmTC_50a76.dir/build.make CMakeFiles/cmTC_50a76.dir/build
Building CXX object CMakeFiles/cmTC_50a76.dir/vxl_platform_tests.cxx.o
/Applications/Xcode.app/Contents/Developer/Toolchains/XcodeDefault.xctoolchain/usr/bin/c++    -I/Users/Sean/Desktop/cs_project/vxl-tsai-codeblocks-bin/CMakeTmp  -fPIC -DVXL_HAS_TYPE_OF_SIZE -isysroot /Applications/Xcode.app/Contents/Developer/Platforms/MacOSX.platform/Developer/SDKs/MacOSX10.11.sdk   -o CMakeFiles/cmTC_50a76.dir/vxl_platform_tests.cxx.o -c /Users/Sean/Desktop/cs_project/vxl-tsai/config/cmake/config/vxl_platform_tests.cxx
/Users/Sean/Desktop/cs_project/vxl-tsai/config/cmake/config/vxl_platform_tests.cxx:1053:14: error: redefinition of 'verify_size' with a different type: 'int (*)[64]' vs 'int (*)[32]'
extern int (*verify_size)[THE_SIZE];
             ^
/Users/Sean/Desktop/cs_project/vxl-tsai/config/cmake/config/vxl_platform_tests.cxx:1052:14: note: previous definition is here
extern int (*verify_size)[sizeof(THE_TYPE) * CHAR_BIT];
             ^
1 error generated.
make[1]: *** [CMakeFiles/cmTC_50a76.dir/vxl_platform_tests.cxx.o] Error 1
make: *** [cmTC_50a76/fast] Error 2


Looking for 64-bit float. Failed to compile with the following output:
(FLAGS=-DVXL_HAS_TYPE_OF_SIZE)
Change Dir: /Users/Sean/Desktop/cs_project/vxl-tsai-codeblocks-bin/CMakeFiles/CMakeTmp

Run Build Command:"/usr/bin/make" "cmTC_90605/fast"
/Applications/Xcode.app/Contents/Developer/usr/bin/make -f CMakeFiles/cmTC_90605.dir/build.make CMakeFiles/cmTC_90605.dir/build
Building CXX object CMakeFiles/cmTC_90605.dir/vxl_platform_tests.cxx.o
/Applications/Xcode.app/Contents/Developer/Toolchains/XcodeDefault.xctoolchain/usr/bin/c++    -I/Users/Sean/Desktop/cs_project/vxl-tsai-codeblocks-bin/CMakeTmp  -fPIC -DVXL_HAS_TYPE_OF_SIZE -isysroot /Applications/Xcode.app/Contents/Developer/Platforms/MacOSX.platform/Developer/SDKs/MacOSX10.11.sdk   -o CMakeFiles/cmTC_90605.dir/vxl_platform_tests.cxx.o -c /Users/Sean/Desktop/cs_project/vxl-tsai/config/cmake/config/vxl_platform_tests.cxx
/Users/Sean/Desktop/cs_project/vxl-tsai/config/cmake/config/vxl_platform_tests.cxx:1053:14: error: redefinition of 'verify_size' with a different type: 'int (*)[64]' vs 'int (*)[128]'
extern int (*verify_size)[THE_SIZE];
             ^
/Users/Sean/Desktop/cs_project/vxl-tsai/config/cmake/config/vxl_platform_tests.cxx:1052:14: note: previous definition is here
extern int (*verify_size)[sizeof(THE_TYPE) * CHAR_BIT];
             ^
1 error generated.
make[1]: *** [CMakeFiles/cmTC_90605.dir/vxl_platform_tests.cxx.o] Error 1
make: *** [cmTC_90605/fast] Error 2


Looking for 96-bit float. Failed to compile with the following output:
(FLAGS=-DVXL_HAS_TYPE_OF_SIZE)
Change Dir: /Users/Sean/Desktop/cs_project/vxl-tsai-codeblocks-bin/CMakeFiles/CMakeTmp

Run Build Command:"/usr/bin/make" "cmTC_f06da/fast"
/Applications/Xcode.app/Contents/Developer/usr/bin/make -f CMakeFiles/cmTC_f06da.dir/build.make CMakeFiles/cmTC_f06da.dir/build
Building CXX object CMakeFiles/cmTC_f06da.dir/vxl_platform_tests.cxx.o
/Applications/Xcode.app/Contents/Developer/Toolchains/XcodeDefault.xctoolchain/usr/bin/c++    -I/Users/Sean/Desktop/cs_project/vxl-tsai-codeblocks-bin/CMakeTmp  -fPIC -DVXL_HAS_TYPE_OF_SIZE -isysroot /Applications/Xcode.app/Contents/Developer/Platforms/MacOSX.platform/Developer/SDKs/MacOSX10.11.sdk   -o CMakeFiles/cmTC_f06da.dir/vxl_platform_tests.cxx.o -c /Users/Sean/Desktop/cs_project/vxl-tsai/config/cmake/config/vxl_platform_tests.cxx
/Users/Sean/Desktop/cs_project/vxl-tsai/config/cmake/config/vxl_platform_tests.cxx:1053:14: error: redefinition of 'verify_size' with a different type: 'int (*)[96]' vs 'int (*)[32]'
extern int (*verify_size)[THE_SIZE];
             ^
/Users/Sean/Desktop/cs_project/vxl-tsai/config/cmake/config/vxl_platform_tests.cxx:1052:14: note: previous definition is here
extern int (*verify_size)[sizeof(THE_TYPE) * CHAR_BIT];
             ^
1 error generated.
make[1]: *** [CMakeFiles/cmTC_f06da.dir/vxl_platform_tests.cxx.o] Error 1
make: *** [cmTC_f06da/fast] Error 2


Looking for 96-bit float. Failed to compile with the following output:
(FLAGS=-DVXL_HAS_TYPE_OF_SIZE)
Change Dir: /Users/Sean/Desktop/cs_project/vxl-tsai-codeblocks-bin/CMakeFiles/CMakeTmp

Run Build Command:"/usr/bin/make" "cmTC_ccb76/fast"
/Applications/Xcode.app/Contents/Developer/usr/bin/make -f CMakeFiles/cmTC_ccb76.dir/build.make CMakeFiles/cmTC_ccb76.dir/build
Building CXX object CMakeFiles/cmTC_ccb76.dir/vxl_platform_tests.cxx.o
/Applications/Xcode.app/Contents/Developer/Toolchains/XcodeDefault.xctoolchain/usr/bin/c++    -I/Users/Sean/Desktop/cs_project/vxl-tsai-codeblocks-bin/CMakeTmp  -fPIC -DVXL_HAS_TYPE_OF_SIZE -isysroot /Applications/Xcode.app/Contents/Developer/Platforms/MacOSX.platform/Developer/SDKs/MacOSX10.11.sdk   -o CMakeFiles/cmTC_ccb76.dir/vxl_platform_tests.cxx.o -c /Users/Sean/Desktop/cs_project/vxl-tsai/config/cmake/config/vxl_platform_tests.cxx
/Users/Sean/Desktop/cs_project/vxl-tsai/config/cmake/config/vxl_platform_tests.cxx:1053:14: error: redefinition of 'verify_size' with a different type: 'int (*)[96]' vs 'int (*)[64]'
extern int (*verify_size)[THE_SIZE];
             ^
/Users/Sean/Desktop/cs_project/vxl-tsai/config/cmake/config/vxl_platform_tests.cxx:1052:14: note: previous definition is here
extern int (*verify_size)[sizeof(THE_TYPE) * CHAR_BIT];
             ^
1 error generated.
make[1]: *** [CMakeFiles/cmTC_ccb76.dir/vxl_platform_tests.cxx.o] Error 1
make: *** [cmTC_ccb76/fast] Error 2


Looking for 96-bit float. Failed to compile with the following output:
(FLAGS=-DVXL_HAS_TYPE_OF_SIZE)
Change Dir: /Users/Sean/Desktop/cs_project/vxl-tsai-codeblocks-bin/CMakeFiles/CMakeTmp

Run Build Command:"/usr/bin/make" "cmTC_bc31c/fast"
/Applications/Xcode.app/Contents/Developer/usr/bin/make -f CMakeFiles/cmTC_bc31c.dir/build.make CMakeFiles/cmTC_bc31c.dir/build
Building CXX object CMakeFiles/cmTC_bc31c.dir/vxl_platform_tests.cxx.o
/Applications/Xcode.app/Contents/Developer/Toolchains/XcodeDefault.xctoolchain/usr/bin/c++    -I/Users/Sean/Desktop/cs_project/vxl-tsai-codeblocks-bin/CMakeTmp  -fPIC -DVXL_HAS_TYPE_OF_SIZE -isysroot /Applications/Xcode.app/Contents/Developer/Platforms/MacOSX.platform/Developer/SDKs/MacOSX10.11.sdk   -o CMakeFiles/cmTC_bc31c.dir/vxl_platform_tests.cxx.o -c /Users/Sean/Desktop/cs_project/vxl-tsai/config/cmake/config/vxl_platform_tests.cxx
/Users/Sean/Desktop/cs_project/vxl-tsai/config/cmake/config/vxl_platform_tests.cxx:1053:14: error: redefinition of 'verify_size' with a different type: 'int (*)[96]' vs 'int (*)[128]'
extern int (*verify_size)[THE_SIZE];
             ^
/Users/Sean/Desktop/cs_project/vxl-tsai/config/cmake/config/vxl_platform_tests.cxx:1052:14: note: previous definition is here
extern int (*verify_size)[sizeof(THE_TYPE) * CHAR_BIT];
             ^
1 error generated.
make[1]: *** [CMakeFiles/cmTC_bc31c.dir/vxl_platform_tests.cxx.o] Error 1
make: *** [cmTC_bc31c/fast] Error 2


Looking for 128-bit float. Failed to compile with the following output:
(FLAGS=-DVXL_HAS_TYPE_OF_SIZE)
Change Dir: /Users/Sean/Desktop/cs_project/vxl-tsai-codeblocks-bin/CMakeFiles/CMakeTmp

Run Build Command:"/usr/bin/make" "cmTC_65be3/fast"
/Applications/Xcode.app/Contents/Developer/usr/bin/make -f CMakeFiles/cmTC_65be3.dir/build.make CMakeFiles/cmTC_65be3.dir/build
Building CXX object CMakeFiles/cmTC_65be3.dir/vxl_platform_tests.cxx.o
/Applications/Xcode.app/Contents/Developer/Toolchains/XcodeDefault.xctoolchain/usr/bin/c++    -I/Users/Sean/Desktop/cs_project/vxl-tsai-codeblocks-bin/CMakeTmp  -fPIC -DVXL_HAS_TYPE_OF_SIZE -isysroot /Applications/Xcode.app/Contents/Developer/Platforms/MacOSX.platform/Developer/SDKs/MacOSX10.11.sdk   -o CMakeFiles/cmTC_65be3.dir/vxl_platform_tests.cxx.o -c /Users/Sean/Desktop/cs_project/vxl-tsai/config/cmake/config/vxl_platform_tests.cxx
/Users/Sean/Desktop/cs_project/vxl-tsai/config/cmake/config/vxl_platform_tests.cxx:1053:14: error: redefinition of 'verify_size' with a different type: 'int (*)[128]' vs 'int (*)[32]'
extern int (*verify_size)[THE_SIZE];
             ^
/Users/Sean/Desktop/cs_project/vxl-tsai/config/cmake/config/vxl_platform_tests.cxx:1052:14: note: previous definition is here
extern int (*verify_size)[sizeof(THE_TYPE) * CHAR_BIT];
             ^
1 error generated.
make[1]: *** [CMakeFiles/cmTC_65be3.dir/vxl_platform_tests.cxx.o] Error 1
make: *** [cmTC_65be3/fast] Error 2


Looking for 128-bit float. Failed to compile with the following output:
(FLAGS=-DVXL_HAS_TYPE_OF_SIZE)
Change Dir: /Users/Sean/Desktop/cs_project/vxl-tsai-codeblocks-bin/CMakeFiles/CMakeTmp

Run Build Command:"/usr/bin/make" "cmTC_daddf/fast"
/Applications/Xcode.app/Contents/Developer/usr/bin/make -f CMakeFiles/cmTC_daddf.dir/build.make CMakeFiles/cmTC_daddf.dir/build
Building CXX object CMakeFiles/cmTC_daddf.dir/vxl_platform_tests.cxx.o
/Applications/Xcode.app/Contents/Developer/Toolchains/XcodeDefault.xctoolchain/usr/bin/c++    -I/Users/Sean/Desktop/cs_project/vxl-tsai-codeblocks-bin/CMakeTmp  -fPIC -DVXL_HAS_TYPE_OF_SIZE -isysroot /Applications/Xcode.app/Contents/Developer/Platforms/MacOSX.platform/Developer/SDKs/MacOSX10.11.sdk   -o CMakeFiles/cmTC_daddf.dir/vxl_platform_tests.cxx.o -c /Users/Sean/Desktop/cs_project/vxl-tsai/config/cmake/config/vxl_platform_tests.cxx
/Users/Sean/Desktop/cs_project/vxl-tsai/config/cmake/config/vxl_platform_tests.cxx:1053:14: error: redefinition of 'verify_size' with a different type: 'int (*)[128]' vs 'int (*)[64]'
extern int (*verify_size)[THE_SIZE];
             ^
/Users/Sean/Desktop/cs_project/vxl-tsai/config/cmake/config/vxl_platform_tests.cxx:1052:14: note: previous definition is here
extern int (*verify_size)[sizeof(THE_TYPE) * CHAR_BIT];
             ^
1 error generated.
make[1]: *** [CMakeFiles/cmTC_daddf.dir/vxl_platform_tests.cxx.o] Error 1
make: *** [cmTC_daddf/fast] Error 2


Determining if the function tell exists failed with the following output:
Change Dir: /Users/Sean/Desktop/cs_project/vxl-tsai-codeblocks-bin/CMakeFiles/CMakeTmp

Run Build Command:"/usr/bin/make" "cmTC_5812b/fast"
/Applications/Xcode.app/Contents/Developer/usr/bin/make -f CMakeFiles/cmTC_5812b.dir/build.make CMakeFiles/cmTC_5812b.dir/build
Building C object CMakeFiles/cmTC_5812b.dir/CheckFunctionExists.c.o
/Applications/Xcode.app/Contents/Developer/Toolchains/XcodeDefault.xctoolchain/usr/bin/cc    -fPIC -DCHECK_FUNCTION_EXISTS=tell -isysroot /Applications/Xcode.app/Contents/Developer/Platforms/MacOSX.platform/Developer/SDKs/MacOSX10.11.sdk   -o CMakeFiles/cmTC_5812b.dir/CheckFunctionExists.c.o   -c /Applications/CMake.app/Contents/share/cmake-3.4/Modules/CheckFunctionExists.c
Linking C executable cmTC_5812b
/Applications/CMake.app/Contents/bin/cmake -E cmake_link_script CMakeFiles/cmTC_5812b.dir/link.txt --verbose=1
/Applications/Xcode.app/Contents/Developer/Toolchains/XcodeDefault.xctoolchain/usr/bin/cc   -fPIC -DCHECK_FUNCTION_EXISTS=tell -isysroot /Applications/Xcode.app/Contents/Developer/Platforms/MacOSX.platform/Developer/SDKs/MacOSX10.11.sdk -Wl,-search_paths_first -Wl,-headerpad_max_install_names   CMakeFiles/cmTC_5812b.dir/CheckFunctionExists.c.o  -o cmTC_5812b  -lm 
Undefined symbols for architecture x86_64:
  "_tell", referenced from:
      _main in CheckFunctionExists.c.o
ld: symbol(s) not found for architecture x86_64
clang: error: linker command failed with exit code 1 (use -v to see invocation)
make[1]: *** [cmTC_5812b] Error 1
make: *** [cmTC_5812b/fast] Error 2


Performing Test VCL_NUMERIC_LIMITS_HAS_INFINITY succeeded with the following output:
Change Dir: /Users/Sean/Desktop/cs_project/vxl-tsai-codeblocks-bin/CMakeFiles/CMakeTmp

Run Build Command:"/usr/bin/make" "cmTC_3b071/fast"
/Applications/Xcode.app/Contents/Developer/usr/bin/make -f CMakeFiles/cmTC_3b071.dir/build.make CMakeFiles/cmTC_3b071.dir/build
Building CXX object CMakeFiles/cmTC_3b071.dir/vxl_platform_tests.cxx.o
/Applications/Xcode.app/Contents/Developer/Toolchains/XcodeDefault.xctoolchain/usr/bin/c++     -fPIC -DVCL_NUMERIC_LIMITS_HAS_INFINITY -isysroot /Applications/Xcode.app/Contents/Developer/Platforms/MacOSX.platform/Developer/SDKs/MacOSX10.11.sdk   -o CMakeFiles/cmTC_3b071.dir/vxl_platform_tests.cxx.o -c /Users/Sean/Desktop/cs_project/vxl-tsai/config/cmake/config/vxl_platform_tests.cxx
Linking CXX executable cmTC_3b071
/Applications/CMake.app/Contents/bin/cmake -E cmake_link_script CMakeFiles/cmTC_3b071.dir/link.txt --verbose=1
/Applications/Xcode.app/Contents/Developer/Toolchains/XcodeDefault.xctoolchain/usr/bin/c++    -fPIC -DVCL_NUMERIC_LIMITS_HAS_INFINITY -isysroot /Applications/Xcode.app/Contents/Developer/Platforms/MacOSX.platform/Developer/SDKs/MacOSX10.11.sdk -Wl,-search_paths_first -Wl,-headerpad_max_install_names   CMakeFiles/cmTC_3b071.dir/vxl_platform_tests.cxx.o  -o cmTC_3b071  -lm 


Performing Test VCL_PROCESSOR_HAS_INFINITY succeeded with the following output:
Change Dir: /Users/Sean/Desktop/cs_project/vxl-tsai-codeblocks-bin/CMakeFiles/CMakeTmp

Run Build Command:"/usr/bin/make" "cmTC_85ca8/fast"
/Applications/Xcode.app/Contents/Developer/usr/bin/make -f CMakeFiles/cmTC_85ca8.dir/build.make CMakeFiles/cmTC_85ca8.dir/build
Building CXX object CMakeFiles/cmTC_85ca8.dir/vxl_platform_tests.cxx.o
/Applications/Xcode.app/Contents/Developer/Toolchains/XcodeDefault.xctoolchain/usr/bin/c++     -fPIC -DVCL_PROCESSOR_HAS_INFINITY -isysroot /Applications/Xcode.app/Contents/Developer/Platforms/MacOSX.platform/Developer/SDKs/MacOSX10.11.sdk   -o CMakeFiles/cmTC_85ca8.dir/vxl_platform_tests.cxx.o -c /Users/Sean/Desktop/cs_project/vxl-tsai/config/cmake/config/vxl_platform_tests.cxx
Linking CXX executable cmTC_85ca8
/Applications/CMake.app/Contents/bin/cmake -E cmake_link_script CMakeFiles/cmTC_85ca8.dir/link.txt --verbose=1
/Applications/Xcode.app/Contents/Developer/Toolchains/XcodeDefault.xctoolchain/usr/bin/c++    -fPIC -DVCL_PROCESSOR_HAS_INFINITY -isysroot /Applications/Xcode.app/Contents/Developer/Platforms/MacOSX.platform/Developer/SDKs/MacOSX10.11.sdk -Wl,-search_paths_first -Wl,-headerpad_max_install_names   CMakeFiles/cmTC_85ca8.dir/vxl_platform_tests.cxx.o  -o cmTC_85ca8  -lm 


Determining if the include file linux/videodev.h exists failed with the following output:
Change Dir: /Users/Sean/Desktop/cs_project/vxl-tsai-codeblocks-bin/CMakeFiles/CMakeTmp

Run Build Command:"/usr/bin/make" "cmTC_5b298/fast"
/Applications/Xcode.app/Contents/Developer/usr/bin/make -f CMakeFiles/cmTC_5b298.dir/build.make CMakeFiles/cmTC_5b298.dir/build
Building C object CMakeFiles/cmTC_5b298.dir/CheckIncludeFile.c.o
/Applications/Xcode.app/Contents/Developer/Toolchains/XcodeDefault.xctoolchain/usr/bin/cc    -fPIC  -isysroot /Applications/Xcode.app/Contents/Developer/Platforms/MacOSX.platform/Developer/SDKs/MacOSX10.11.sdk   -o CMakeFiles/cmTC_5b298.dir/CheckIncludeFile.c.o   -c /Users/Sean/Desktop/cs_project/vxl-tsai-codeblocks-bin/CMakeFiles/CMakeTmp/CheckIncludeFile.c
/Users/Sean/Desktop/cs_project/vxl-tsai-codeblocks-bin/CMakeFiles/CMakeTmp/CheckIncludeFile.c:1:10: fatal error: 'linux/videodev.h' file not found
#include <linux/videodev.h>
         ^
1 error generated.
make[1]: *** [CMakeFiles/cmTC_5b298.dir/CheckIncludeFile.c.o] Error 1
make: *** [cmTC_5b298/fast] Error 2


